  Stack,cpp.cpp
C:\Users\oleg\source\repos\ConsoleApplication1\ConsoleApplication1\Stack,cpp.cpp(37,33): warning C4566: character represented by universal-character-name '\u0421' cannot be represented in the current code page (1252)
C:\Users\oleg\source\repos\ConsoleApplication1\ConsoleApplication1\Stack,cpp.cpp(37,33): warning C4566: character represented by universal-character-name '\u0442' cannot be represented in the current code page (1252)
C:\Users\oleg\source\repos\ConsoleApplication1\ConsoleApplication1\Stack,cpp.cpp(37,33): warning C4566: character represented by universal-character-name '\u0435' cannot be represented in the current code page (1252)
C:\Users\oleg\source\repos\ConsoleApplication1\ConsoleApplication1\Stack,cpp.cpp(37,33): warning C4566: character represented by universal-character-name '\u043A' cannot be represented in the current code page (1252)
C:\Users\oleg\source\repos\ConsoleApplication1\ConsoleApplication1\Stack,cpp.cpp(37,33): warning C4566: character represented by universal-character-name '\u043F' cannot be represented in the current code page (1252)
C:\Users\oleg\source\repos\ConsoleApplication1\ConsoleApplication1\Stack,cpp.cpp(37,33): warning C4566: character represented by universal-character-name '\u0443' cannot be represented in the current code page (1252)
C:\Users\oleg\source\repos\ConsoleApplication1\ConsoleApplication1\Stack,cpp.cpp(37,33): warning C4566: character represented by universal-character-name '\u0441' cannot be represented in the current code page (1252)
C:\Users\oleg\source\repos\ConsoleApplication1\ConsoleApplication1\Stack,cpp.cpp(49,33): warning C4566: character represented by universal-character-name '\u0421' cannot be represented in the current code page (1252)
C:\Users\oleg\source\repos\ConsoleApplication1\ConsoleApplication1\Stack,cpp.cpp(49,33): warning C4566: character represented by universal-character-name '\u0442' cannot be represented in the current code page (1252)
C:\Users\oleg\source\repos\ConsoleApplication1\ConsoleApplication1\Stack,cpp.cpp(49,33): warning C4566: character represented by universal-character-name '\u0435' cannot be represented in the current code page (1252)
C:\Users\oleg\source\repos\ConsoleApplication1\ConsoleApplication1\Stack,cpp.cpp(49,33): warning C4566: character represented by universal-character-name '\u043A' cannot be represented in the current code page (1252)
C:\Users\oleg\source\repos\ConsoleApplication1\ConsoleApplication1\Stack,cpp.cpp(49,33): warning C4566: character represented by universal-character-name '\u043F' cannot be represented in the current code page (1252)
C:\Users\oleg\source\repos\ConsoleApplication1\ConsoleApplication1\Stack,cpp.cpp(49,33): warning C4566: character represented by universal-character-name '\u0443' cannot be represented in the current code page (1252)
C:\Users\oleg\source\repos\ConsoleApplication1\ConsoleApplication1\Stack,cpp.cpp(49,33): warning C4566: character represented by universal-character-name '\u0441' cannot be represented in the current code page (1252)
C:\Users\oleg\source\repos\ConsoleApplication1\ConsoleApplication1\Stack,cpp.cpp(73,34): warning C4566: character represented by universal-character-name '\u041D' cannot be represented in the current code page (1252)
C:\Users\oleg\source\repos\ConsoleApplication1\ConsoleApplication1\Stack,cpp.cpp(73,34): warning C4566: character represented by universal-character-name '\u0435' cannot be represented in the current code page (1252)
C:\Users\oleg\source\repos\ConsoleApplication1\ConsoleApplication1\Stack,cpp.cpp(73,34): warning C4566: character represented by universal-character-name '\u0443' cannot be represented in the current code page (1252)
C:\Users\oleg\source\repos\ConsoleApplication1\ConsoleApplication1\Stack,cpp.cpp(73,34): warning C4566: character represented by universal-character-name '\u0434' cannot be represented in the current code page (1252)
C:\Users\oleg\source\repos\ConsoleApplication1\ConsoleApplication1\Stack,cpp.cpp(73,34): warning C4566: character represented by universal-character-name '\u0430' cannot be represented in the current code page (1252)
C:\Users\oleg\source\repos\ConsoleApplication1\ConsoleApplication1\Stack,cpp.cpp(73,34): warning C4566: character represented by universal-character-name '\u043B' cannot be represented in the current code page (1252)
C:\Users\oleg\source\repos\ConsoleApplication1\ConsoleApplication1\Stack,cpp.cpp(73,34): warning C4566: character represented by universal-character-name '\u043E' cannot be represented in the current code page (1252)
C:\Users\oleg\source\repos\ConsoleApplication1\ConsoleApplication1\Stack,cpp.cpp(73,34): warning C4566: character represented by universal-character-name '\u0441' cannot be represented in the current code page (1252)
C:\Users\oleg\source\repos\ConsoleApplication1\ConsoleApplication1\Stack,cpp.cpp(73,34): warning C4566: character represented by universal-character-name '\u044C' cannot be represented in the current code page (1252)
C:\Users\oleg\source\repos\ConsoleApplication1\ConsoleApplication1\Stack,cpp.cpp(73,34): warning C4566: character represented by universal-character-name '\u0442' cannot be represented in the current code page (1252)
C:\Users\oleg\source\repos\ConsoleApplication1\ConsoleApplication1\Stack,cpp.cpp(73,34): warning C4566: character represented by universal-character-name '\u043A' cannot be represented in the current code page (1252)
C:\Users\oleg\source\repos\ConsoleApplication1\ConsoleApplication1\Stack,cpp.cpp(73,34): warning C4566: character represented by universal-character-name '\u0440' cannot be represented in the current code page (1252)
C:\Users\oleg\source\repos\ConsoleApplication1\ConsoleApplication1\Stack,cpp.cpp(73,34): warning C4566: character represented by universal-character-name '\u044B' cannot be represented in the current code page (1252)
C:\Users\oleg\source\repos\ConsoleApplication1\ConsoleApplication1\Stack,cpp.cpp(73,34): warning C4566: character represented by universal-character-name '\u0444' cannot be represented in the current code page (1252)
C:\Users\oleg\source\repos\ConsoleApplication1\ConsoleApplication1\Stack,cpp.cpp(73,34): warning C4566: character represented by universal-character-name '\u0439' cannot be represented in the current code page (1252)
  main.cpp
C:\Users\oleg\source\repos\ConsoleApplication1\ConsoleApplication1\main.cpp(56,18): warning C4566: character represented by universal-character-name '\u0418' cannot be represented in the current code page (1252)
C:\Users\oleg\source\repos\ConsoleApplication1\ConsoleApplication1\main.cpp(56,18): warning C4566: character represented by universal-character-name '\u0441' cannot be represented in the current code page (1252)
C:\Users\oleg\source\repos\ConsoleApplication1\ConsoleApplication1\main.cpp(56,18): warning C4566: character represented by universal-character-name '\u0445' cannot be represented in the current code page (1252)
C:\Users\oleg\source\repos\ConsoleApplication1\ConsoleApplication1\main.cpp(56,18): warning C4566: character represented by universal-character-name '\u043E' cannot be represented in the current code page (1252)
C:\Users\oleg\source\repos\ConsoleApplication1\ConsoleApplication1\main.cpp(56,18): warning C4566: character represented by universal-character-name '\u0434' cannot be represented in the current code page (1252)
C:\Users\oleg\source\repos\ConsoleApplication1\ConsoleApplication1\main.cpp(56,18): warning C4566: character represented by universal-character-name '\u043D' cannot be represented in the current code page (1252)
C:\Users\oleg\source\repos\ConsoleApplication1\ConsoleApplication1\main.cpp(56,18): warning C4566: character represented by universal-character-name '\u0430' cannot be represented in the current code page (1252)
C:\Users\oleg\source\repos\ConsoleApplication1\ConsoleApplication1\main.cpp(56,18): warning C4566: character represented by universal-character-name '\u044F' cannot be represented in the current code page (1252)
C:\Users\oleg\source\repos\ConsoleApplication1\ConsoleApplication1\main.cpp(56,18): warning C4566: character represented by universal-character-name '\u0446' cannot be represented in the current code page (1252)
C:\Users\oleg\source\repos\ConsoleApplication1\ConsoleApplication1\main.cpp(56,18): warning C4566: character represented by universal-character-name '\u0435' cannot be represented in the current code page (1252)
C:\Users\oleg\source\repos\ConsoleApplication1\ConsoleApplication1\main.cpp(56,18): warning C4566: character represented by universal-character-name '\u043F' cannot be represented in the current code page (1252)
C:\Users\oleg\source\repos\ConsoleApplication1\ConsoleApplication1\main.cpp(56,18): warning C4566: character represented by universal-character-name '\u0447' cannot be represented in the current code page (1252)
C:\Users\oleg\source\repos\ConsoleApplication1\ConsoleApplication1\main.cpp(56,18): warning C4566: character represented by universal-character-name '\u043A' cannot be represented in the current code page (1252)
C:\Users\oleg\source\repos\ConsoleApplication1\ConsoleApplication1\main.cpp(56,18): warning C4566: character represented by universal-character-name '\u0448' cannot be represented in the current code page (1252)
C:\Users\oleg\source\repos\ConsoleApplication1\ConsoleApplication1\main.cpp(56,18): warning C4566: character represented by universal-character-name '\u0440' cannot be represented in the current code page (1252)
C:\Users\oleg\source\repos\ConsoleApplication1\ConsoleApplication1\main.cpp(56,18): warning C4566: character represented by universal-character-name '\u0438' cannot be represented in the current code page (1252)
C:\Users\oleg\source\repos\ConsoleApplication1\ConsoleApplication1\main.cpp(56,18): warning C4566: character represented by universal-character-name '\u0432' cannot be represented in the current code page (1252)
C:\Users\oleg\source\repos\ConsoleApplication1\ConsoleApplication1\main.cpp(63,18): warning C4566: character represented by universal-character-name '\u041A' cannot be represented in the current code page (1252)
C:\Users\oleg\source\repos\ConsoleApplication1\ConsoleApplication1\main.cpp(63,18): warning C4566: character represented by universal-character-name '\u043E' cannot be represented in the current code page (1252)
C:\Users\oleg\source\repos\ConsoleApplication1\ConsoleApplication1\main.cpp(63,18): warning C4566: character represented by universal-character-name '\u043B' cannot be represented in the current code page (1252)
C:\Users\oleg\source\repos\ConsoleApplication1\ConsoleApplication1\main.cpp(63,18): warning C4566: character represented by universal-character-name '\u0438' cannot be represented in the current code page (1252)
C:\Users\oleg\source\repos\ConsoleApplication1\ConsoleApplication1\main.cpp(63,18): warning C4566: character represented by universal-character-name '\u0447' cannot be represented in the current code page (1252)
C:\Users\oleg\source\repos\ConsoleApplication1\ConsoleApplication1\main.cpp(63,18): warning C4566: character represented by universal-character-name '\u0435' cannot be represented in the current code page (1252)
C:\Users\oleg\source\repos\ConsoleApplication1\ConsoleApplication1\main.cpp(63,18): warning C4566: character represented by universal-character-name '\u0441' cannot be represented in the current code page (1252)
C:\Users\oleg\source\repos\ConsoleApplication1\ConsoleApplication1\main.cpp(63,18): warning C4566: character represented by universal-character-name '\u0442' cannot be represented in the current code page (1252)
C:\Users\oleg\source\repos\ConsoleApplication1\ConsoleApplication1\main.cpp(63,18): warning C4566: character represented by universal-character-name '\u0432' cannot be represented in the current code page (1252)
C:\Users\oleg\source\repos\ConsoleApplication1\ConsoleApplication1\main.cpp(63,18): warning C4566: character represented by universal-character-name '\u0443' cannot be represented in the current code page (1252)
C:\Users\oleg\source\repos\ConsoleApplication1\ConsoleApplication1\main.cpp(63,18): warning C4566: character represented by universal-character-name '\u043D' cannot be represented in the current code page (1252)
C:\Users\oleg\source\repos\ConsoleApplication1\ConsoleApplication1\main.cpp(63,18): warning C4566: character represented by universal-character-name '\u0436' cannot be represented in the current code page (1252)
C:\Users\oleg\source\repos\ConsoleApplication1\ConsoleApplication1\main.cpp(63,18): warning C4566: character represented by universal-character-name '\u044B' cannot be represented in the current code page (1252)
C:\Users\oleg\source\repos\ConsoleApplication1\ConsoleApplication1\main.cpp(63,18): warning C4566: character represented by universal-character-name '\u0445' cannot be represented in the current code page (1252)
C:\Users\oleg\source\repos\ConsoleApplication1\ConsoleApplication1\main.cpp(63,18): warning C4566: character represented by universal-character-name '\u0448' cannot be represented in the current code page (1252)
C:\Users\oleg\source\repos\ConsoleApplication1\ConsoleApplication1\main.cpp(63,18): warning C4566: character represented by universal-character-name '\u0430' cannot be represented in the current code page (1252)
C:\Users\oleg\source\repos\ConsoleApplication1\ConsoleApplication1\main.cpp(63,18): warning C4566: character represented by universal-character-name '\u0440' cannot be represented in the current code page (1252)
C:\Users\oleg\source\repos\ConsoleApplication1\ConsoleApplication1\main.cpp(63,18): warning C4566: character represented by universal-character-name '\u043A' cannot be represented in the current code page (1252)
C:\Users\oleg\source\repos\ConsoleApplication1\ConsoleApplication1\main.cpp(64,18): warning C4566: character represented by universal-character-name '\u041E' cannot be represented in the current code page (1252)
C:\Users\oleg\source\repos\ConsoleApplication1\ConsoleApplication1\main.cpp(64,18): warning C4566: character represented by universal-character-name '\u0441' cannot be represented in the current code page (1252)
C:\Users\oleg\source\repos\ConsoleApplication1\ConsoleApplication1\main.cpp(64,18): warning C4566: character represented by universal-character-name '\u0442' cannot be represented in the current code page (1252)
C:\Users\oleg\source\repos\ConsoleApplication1\ConsoleApplication1\main.cpp(64,18): warning C4566: character represented by universal-character-name '\u0430' cannot be represented in the current code page (1252)
C:\Users\oleg\source\repos\ConsoleApplication1\ConsoleApplication1\main.cpp(64,18): warning C4566: character represented by universal-character-name '\u0432' cannot be represented in the current code page (1252)
C:\Users\oleg\source\repos\ConsoleApplication1\ConsoleApplication1\main.cpp(64,18): warning C4566: character represented by universal-character-name '\u0448' cannot be represented in the current code page (1252)
C:\Users\oleg\source\repos\ConsoleApplication1\ConsoleApplication1\main.cpp(64,18): warning C4566: character represented by universal-character-name '\u044F' cannot be represented in the current code page (1252)
C:\Users\oleg\source\repos\ConsoleApplication1\ConsoleApplication1\main.cpp(64,18): warning C4566: character represented by universal-character-name '\u0446' cannot be represented in the current code page (1252)
C:\Users\oleg\source\repos\ConsoleApplication1\ConsoleApplication1\main.cpp(64,18): warning C4566: character represented by universal-character-name '\u0435' cannot be represented in the current code page (1252)
C:\Users\oleg\source\repos\ConsoleApplication1\ConsoleApplication1\main.cpp(64,18): warning C4566: character represented by universal-character-name '\u043F' cannot be represented in the current code page (1252)
C:\Users\oleg\source\repos\ConsoleApplication1\ConsoleApplication1\main.cpp(64,18): warning C4566: character represented by universal-character-name '\u043E' cannot be represented in the current code page (1252)
C:\Users\oleg\source\repos\ConsoleApplication1\ConsoleApplication1\main.cpp(64,18): warning C4566: character represented by universal-character-name '\u0447' cannot be represented in the current code page (1252)
C:\Users\oleg\source\repos\ConsoleApplication1\ConsoleApplication1\main.cpp(64,18): warning C4566: character represented by universal-character-name '\u043A' cannot be represented in the current code page (1252)
C:\Users\oleg\source\repos\ConsoleApplication1\ConsoleApplication1\main.cpp(64,18): warning C4566: character represented by universal-character-name '\u0440' cannot be represented in the current code page (1252)
C:\Users\oleg\source\repos\ConsoleApplication1\ConsoleApplication1\main.cpp(64,18): warning C4566: character represented by universal-character-name '\u0438' cannot be represented in the current code page (1252)
  Generating Code...
  ConsoleApplication1.vcxproj -> C:\Users\oleg\source\repos\ConsoleApplication1\x64\Debug\ConsoleApplication1.exe
